<?xml version="1.0" encoding="utf-8"?><testsuites name="pytest tests"><testsuite name="pytest" errors="0" failures="0" skipped="0" tests="17" time="3.174" timestamp="2026-08-25T06:41:17.136047+00:00" hostname="agent-env-8988f631-c213-440f-b968-e13aef8455dd"><testcase classname="tests.backend_test.TestOrders" name="test_create_order_and_persistence" time="0.344" /><testcase classname="tests.backend_test.TestAuth" name="test_me_unauthenticated" time="0.226" /><testcase classname="tests.backend_test.TestAuth" name="test_admin_orders_unauthenticated" time="0.175" /><testcase classname="tests.backend_test.TestOrders" name="test_get_order_case_insensitive" time="0.105" /><testcase classname="tests.backend_test.TestAuth" name="test_login_invalid_password" time="0.405" /><testcase classname="tests.backend_test.TestOrders" name="test_get_order_not_found" time="0.061" /><testcase classname="tests.backend_test.TestOrders" name="test_update_order_and_persistence" time="0.360" /><testcase classname="tests.backend_test.TestAuth" name="test_login_success_sets_httponly_cookie" time="0.487" /><testcase classname="tests.backend_test.TestOrders" name="test_create_order_empty_items_rejected" time="0.052" /><testcase classname="tests.backend_test.TestOrders" name="test_create_order_invalid_qty_rejected" time="0.222" /><testcase classname="tests.backend_test.TestOrders" name="test_update_nonexistent_order" time="0.096" /><testcase classname="tests.backend_test.TestHealth" name="test_root" time="0.049" /><testcase classname="tests.backend_test.TestAuth" name="test_cors_credentials_config" time="0.071" /><testcase classname="tests.backend_test.TestAdminOrders" name="test_list_orders" time="0.379" /><testcase classname="tests.backend_test.TestAdminOrders" name="test_status_transitions_and_edit_lock" time="0.734" /><testcase classname="tests.backend_test.TestAdminOrders" name="test_invalid_status_rejected" time="0.098" /><testcase classname="tests.backend_test.TestAdminOrders" name="test_status_nonexistent_order" time="0.050" /></testsuite></testsuites>